<?xml version="1.0" encoding="UTF-8"?>
<!-- Generated by org.testng.reporters.JUnitReportReporter -->
<testsuite hostname="wdalwks7q6wbh2" name="testSuites.MobileTest" tests="1" failures="1" timestamp="13 Jul 2017 10:03:26 GMT" time="87.421" errors="0">
  <testcase name="MobileTest001" time="87.421" classname="testSuites.MobileTest">
    <failure type="java.lang.AssertionError" message="Timed out after 60 seconds waiting for keywords.GenericMobileKeywords$1@60c6cff6
Build info: version: &#039;2.53.0&#039;, revision: &#039;35ae25b1534ae328c771e0856c93e187490ca824&#039;, time: &#039;2016-03-15 10:43:46&#039;
System info: host: &#039;wdalwks7q6wbh2&#039;, ip: &#039;10.134.51.68&#039;, os.name: &#039;Windows 10&#039;, os.arch: &#039;amd64&#039;, os.version: &#039;10.0&#039;, java.version: &#039;1.8.0_131&#039;
Driver info: driver.version: unknown">
      <![CDATA[java.lang.AssertionError: Timed out after 60 seconds waiting for keywords.GenericMobileKeywords$1@60c6cff6
Build info: version: '2.53.0', revision: '35ae25b1534ae328c771e0856c93e187490ca824', time: '2016-03-15 10:43:46'
System info: host: 'wdalwks7q6wbh2', ip: '10.134.51.68', os.name: 'Windows 10', os.arch: 'amd64', os.version: '10.0', java.version: '1.8.0_131'
Driver info: driver.version: unknown
	at org.testng.Assert.fail(Assert.java:94)
	at supportFiles.LOG.report_ERROR(LOG.java:210)
	at keywords.GenericMobileKeywords.getElement(GenericMobileKeywords.java:53)
	at keywords.GenericMobileKeywords.clickElement(GenericMobileKeywords.java:143)
	at keywords.ShotzrAppKeywords.signUpShortzApp(ShotzrAppKeywords.java:18)
	at testSuites.MobileTest.MobileTest001(MobileTest.java:13)
	at sun.reflect.NativeMethodAccessorImpl.invoke0(Native Method)
	at sun.reflect.NativeMethodAccessorImpl.invoke(Unknown Source)
	at sun.reflect.DelegatingMethodAccessorImpl.invoke(Unknown Source)
	at java.lang.reflect.Method.invoke(Unknown Source)
	at org.testng.internal.MethodInvocationHelper.invokeMethod(MethodInvocationHelper.java:85)
	at org.testng.internal.Invoker.invokeMethod(Invoker.java:639)
	at org.testng.internal.Invoker.invokeTestMethod(Invoker.java:816)
	at org.testng.internal.Invoker.invokeTestMethods(Invoker.java:1124)
	at org.testng.internal.TestMethodWorker.invokeTestMethods(TestMethodWorker.java:125)
	at org.testng.internal.TestMethodWorker.run(TestMethodWorker.java:108)
	at java.util.concurrent.ThreadPoolExecutor.runWorker(Unknown Source)
	at java.util.concurrent.ThreadPoolExecutor$Worker.run(Unknown Source)
	at java.lang.Thread.run(Unknown Source)
]]>
    </failure>
  </testcase> <!-- MobileTest001 -->
</testsuite> <!-- testSuites.MobileTest -->
