<?xml version="1.0" encoding="UTF-8"?>
<!-- Generated by org.testng.reporters.JUnitReportReporter -->
<testsuite hostname="wdalwks7q6wbh2" name="testSuites.DealertrackCanada" tests="3" failures="1" timestamp="24 Jul 2017 06:04:13 GMT" time="58.998" errors="0">
  <testcase name="TC03" time="27.580" classname="testSuites.DealertrackCanada">
    <failure type="java.lang.AssertionError" message="CreditDecisions screen NOT found!">
      <![CDATA[java.lang.AssertionError: CreditDecisions screen NOT found!
	at org.testng.Assert.fail(Assert.java:94)
	at supportFiles.LOG.report_FAIL(LOG.java:61)
	at testSuites.DealertrackCanada.TC03(DealertrackCanada.java:90)
	at sun.reflect.NativeMethodAccessorImpl.invoke0(Native Method)
	at sun.reflect.NativeMethodAccessorImpl.invoke(Unknown Source)
	at sun.reflect.DelegatingMethodAccessorImpl.invoke(Unknown Source)
	at java.lang.reflect.Method.invoke(Unknown Source)
	at org.testng.internal.MethodInvocationHelper.invokeMethod(MethodInvocationHelper.java:85)
	at org.testng.internal.Invoker.invokeMethod(Invoker.java:639)
	at org.testng.internal.Invoker.invokeTestMethod(Invoker.java:816)
	at org.testng.internal.Invoker.invokeTestMethods(Invoker.java:1124)
	at org.testng.internal.TestMethodWorker.invokeTestMethods(TestMethodWorker.java:125)
	at org.testng.internal.TestMethodWorker.run(TestMethodWorker.java:108)
	at java.util.concurrent.ThreadPoolExecutor.runWorker(Unknown Source)
	at java.util.concurrent.ThreadPoolExecutor$Worker.run(Unknown Source)
	at java.lang.Thread.run(Unknown Source)
]]>
    </failure>
  </testcase> <!-- TC03 -->
  <testcase name="TC01" time="12.426" classname="testSuites.DealertrackCanada"/>
  <testcase name="TC02" time="18.992" classname="testSuites.DealertrackCanada"/>
</testsuite> <!-- testSuites.DealertrackCanada -->
