<?xml version="1.0" encoding="UTF-8"?>
<!-- Generated by org.testng.reporters.JUnitReportReporter -->
<testsuite hostname="SUHAILD-W7" name="testSuites.WikipediaPage2" tests="6" failures="3" timestamp="12 Jul 2017 06:17:04 GMT" time="244.445" errors="0">
  <testcase name="WikipediaTest005" time="45.157" classname="testSuites.WikipediaPage2">
    <failure type="java.lang.AssertionError" message="Artcile Not Found">
      <![CDATA[java.lang.AssertionError: Artcile Not Found
	at org.testng.Assert.fail(Assert.java:94)
	at supportFiles.LOG.report_FAIL(LOG.java:49)
	at keywords.WikipediaPage_Keywords.verifyArticle(WikipediaPage_Keywords.java:45)
	at testSuites.WikipediaPage2.WikipediaTest005(WikipediaPage2.java:44)
	at sun.reflect.NativeMethodAccessorImpl.invoke0(Native Method)
	at sun.reflect.NativeMethodAccessorImpl.invoke(Unknown Source)
	at sun.reflect.DelegatingMethodAccessorImpl.invoke(Unknown Source)
	at java.lang.reflect.Method.invoke(Unknown Source)
	at org.testng.internal.MethodInvocationHelper.invokeMethod(MethodInvocationHelper.java:85)
	at org.testng.internal.Invoker.invokeMethod(Invoker.java:639)
	at org.testng.internal.Invoker.invokeTestMethod(Invoker.java:816)
	at org.testng.internal.Invoker.invokeTestMethods(Invoker.java:1124)
	at org.testng.internal.TestMethodWorker.invokeTestMethods(TestMethodWorker.java:125)
	at org.testng.internal.TestMethodWorker.run(TestMethodWorker.java:108)
	at java.util.concurrent.ThreadPoolExecutor.runWorker(Unknown Source)
	at java.util.concurrent.ThreadPoolExecutor$Worker.run(Unknown Source)
	at java.lang.Thread.run(Unknown Source)
]]>
    </failure>
  </testcase> <!-- WikipediaTest005 -->
  <testcase name="WikipediaTest003" time="61.687" classname="testSuites.WikipediaPage2"/>
  <testcase name="WikipediaTest002" time="41.355" classname="testSuites.WikipediaPage2"/>
  <testcase name="WikipediaTest001" time="14.623" classname="testSuites.WikipediaPage2">
    <failure type="java.lang.AssertionError" message="Artcile Not Found">
      <![CDATA[java.lang.AssertionError: Artcile Not Found
	at org.testng.Assert.fail(Assert.java:94)
	at supportFiles.LOG.report_FAIL(LOG.java:49)
	at keywords.WikipediaPage_Keywords.verifyArticle(WikipediaPage_Keywords.java:45)
	at testSuites.WikipediaPage2.WikipediaTest001(WikipediaPage2.java:17)
	at sun.reflect.NativeMethodAccessorImpl.invoke0(Native Method)
	at sun.reflect.NativeMethodAccessorImpl.invoke(Unknown Source)
	at sun.reflect.DelegatingMethodAccessorImpl.invoke(Unknown Source)
	at java.lang.reflect.Method.invoke(Unknown Source)
	at org.testng.internal.MethodInvocationHelper.invokeMethod(MethodInvocationHelper.java:85)
	at org.testng.internal.Invoker.invokeMethod(Invoker.java:639)
	at org.testng.internal.Invoker.invokeTestMethod(Invoker.java:816)
	at org.testng.internal.Invoker.invokeTestMethods(Invoker.java:1124)
	at org.testng.internal.TestMethodWorker.invokeTestMethods(TestMethodWorker.java:125)
	at org.testng.internal.TestMethodWorker.run(TestMethodWorker.java:108)
	at java.util.concurrent.ThreadPoolExecutor.runWorker(Unknown Source)
	at java.util.concurrent.ThreadPoolExecutor$Worker.run(Unknown Source)
	at java.lang.Thread.run(Unknown Source)
]]>
    </failure>
  </testcase> <!-- WikipediaTest001 -->
  <testcase name="WikipediaTest004" time="53.416" classname="testSuites.WikipediaPage2">
    <failure type="java.lang.AssertionError" message="Artcile Not Found">
      <![CDATA[java.lang.AssertionError: Artcile Not Found
	at org.testng.Assert.fail(Assert.java:94)
	at supportFiles.LOG.report_FAIL(LOG.java:49)
	at keywords.WikipediaPage_Keywords.verifyArticle(WikipediaPage_Keywords.java:45)
	at testSuites.WikipediaPage2.WikipediaTest004(WikipediaPage2.java:38)
	at sun.reflect.NativeMethodAccessorImpl.invoke0(Native Method)
	at sun.reflect.NativeMethodAccessorImpl.invoke(Unknown Source)
	at sun.reflect.DelegatingMethodAccessorImpl.invoke(Unknown Source)
	at java.lang.reflect.Method.invoke(Unknown Source)
	at org.testng.internal.MethodInvocationHelper.invokeMethod(MethodInvocationHelper.java:85)
	at org.testng.internal.Invoker.invokeMethod(Invoker.java:639)
	at org.testng.internal.Invoker.invokeTestMethod(Invoker.java:816)
	at org.testng.internal.Invoker.invokeTestMethods(Invoker.java:1124)
	at org.testng.internal.TestMethodWorker.invokeTestMethods(TestMethodWorker.java:125)
	at org.testng.internal.TestMethodWorker.run(TestMethodWorker.java:108)
	at java.util.concurrent.ThreadPoolExecutor.runWorker(Unknown Source)
	at java.util.concurrent.ThreadPoolExecutor$Worker.run(Unknown Source)
	at java.lang.Thread.run(Unknown Source)
]]>
    </failure>
  </testcase> <!-- WikipediaTest004 -->
  <testcase name="WikipediaTest006" time="28.207" classname="testSuites.WikipediaPage2"/>
</testsuite> <!-- testSuites.WikipediaPage2 -->
